11:17:47.047 [main] INFO  org.testng.internal.Utils - [TestNG] Time taken by org.testng.reporters.XMLReporter@5bd82fed: 19 ms
11:17:47.047 [main] INFO  org.testng.internal.Utils - [TestNG] Time taken by org.testng.reporters.EmailableReporter2@488eb7f2: 9 ms
11:17:47.047 [main] INFO  org.testng.internal.Utils - [TestNG] Time taken by org.testng.reporters.JUnitReportReporter@320de594: 10 ms
11:17:47.047 [main] INFO  org.testng.internal.Utils - [TestNG] Time taken by org.testng.internal.ExitCodeListener@3dd1dc90: 0 ms
11:20:09.009 [main] INFO  org.testng.internal.Utils - [TestNG] Running:
  D:\Automation Workspace\OpencartV121\master.xml

11:21:22.022 [main] INFO  org.testng.internal.Utils - [TestNG] Running:
  D:\Automation Workspace\OpencartV121\master.xml

11:21:28.028 [main] INFO  testCases.TC001AccountRegistrationTest - *****Starting TC001AccountRegistrationTest******
11:21:28.028 [main] INFO  testCases.TC001AccountRegistrationTest - Clicked on Myaccount link
11:21:28.028 [main] INFO  testCases.TC001AccountRegistrationTest - Clicked on Register link
11:21:28.028 [main] INFO  testCases.TC001AccountRegistrationTest - Providing customer details...
11:21:29.029 [main] INFO  testCases.TC001AccountRegistrationTest - Validating expected message...
11:21:29.029 [main] INFO  testCases.TC001AccountRegistrationTest - *****Finished TC001AccountRegistrationTest******
11:22:19.019 [main] INFO  org.testng.internal.Utils - [TestNG] Running:
  D:\Automation Workspace\OpencartV121\master.xml

11:34:14.014 [main] INFO  org.testng.internal.Utils - [TestNG] Running:
  D:\Automation Workspace\OpencartV121\master.xml

15:41:43.043 [main] INFO  org.testng.internal.Utils - [TestNG] Running:
  D:\Automation Workspace\OpencartV121\master.xml

15:41:48.048 [main] INFO  testCases.TC002_LoginTest - ****Starting TC002_LoginTest****
15:41:49.049 [main] INFO  testCases.TC002_LoginTest - ****Finished TC002_LoginTest****
15:55:22.022 [main] INFO  org.testng.internal.Utils - [TestNG] Running:
  D:\Automation Workspace\OpencartV121\grouping.xml

15:55:26.026 [main] INFO  testCases.TC002_LoginTest - ****Starting TC002_LoginTest****
15:55:28.028 [main] INFO  testCases.TC002_LoginTest - ****Finished TC002_LoginTest****
15:56:52.052 [main] INFO  org.testng.internal.Utils - [TestNG] Running:
  D:\Automation Workspace\OpencartV121\grouping.xml

15:57:18.018 [main] INFO  org.testng.internal.Utils - [TestNG] Running:
  D:\Automation Workspace\OpencartV121\grouping.xml

15:58:01.001 [main] INFO  org.testng.internal.Utils - [TestNG] Running:
  D:\Automation Workspace\OpencartV121\grouping.xml

15:58:05.005 [main] INFO  testCases.TC001AccountRegistrationTest - *****Starting TC001AccountRegistrationTest******
15:58:05.005 [main] INFO  testCases.TC001AccountRegistrationTest - Clicked on Myaccount link
15:58:06.006 [main] INFO  testCases.TC001AccountRegistrationTest - Clicked on Register link
15:58:06.006 [main] INFO  testCases.TC001AccountRegistrationTest - Providing customer details...
15:58:07.007 [main] INFO  testCases.TC001AccountRegistrationTest - Validating expected message...
15:58:07.007 [main] INFO  testCases.TC001AccountRegistrationTest - *****Finished TC001AccountRegistrationTest******
15:58:10.010 [main] INFO  testCases.TC002_LoginTest - ****Starting TC002_LoginTest****
15:58:12.012 [main] INFO  testCases.TC002_LoginTest - ****Finished TC002_LoginTest****
14:37:08.008 [main] INFO  org.testng.internal.Utils - [TestNG] Running:
  D:\Automation Workspace\OpencartV121\master.xml

14:37:15.015 [main] INFO  testCases.TC002_LoginTest - ****Starting TC002_LoginTest****
14:37:18.018 [main] INFO  testCases.TC002_LoginTest - ****Finished TC002_LoginTest****
14:37:33.033 [main] INFO  org.testng.internal.Utils - [TestNG] Running:
  D:\Automation Workspace\OpencartV121\master.xml

14:37:37.037 [main] INFO  testCases.TC001AccountRegistrationTest - *****Starting TC001AccountRegistrationTest******
14:37:37.037 [main] INFO  testCases.TC001AccountRegistrationTest - Clicked on Myaccount link
14:37:38.038 [main] INFO  testCases.TC001AccountRegistrationTest - Clicked on Register link
14:37:38.038 [main] INFO  testCases.TC001AccountRegistrationTest - Providing customer details...
14:37:39.039 [main] INFO  testCases.TC001AccountRegistrationTest - Validating expected message...
14:37:39.039 [main] INFO  testCases.TC001AccountRegistrationTest - *****Finished TC001AccountRegistrationTest******
14:37:43.043 [main] INFO  testCases.TC002_LoginTest - ****Starting TC002_LoginTest****
14:37:44.044 [main] INFO  testCases.TC002_LoginTest - ****Finished TC002_LoginTest****
14:38:04.004 [main] INFO  org.testng.internal.Utils - [TestNG] Running:
  D:\Automation Workspace\OpencartV121\master.xml

14:38:28.028 [main] INFO  testCases.TC001AccountRegistrationTest - *****Starting TC001AccountRegistrationTest******
14:38:28.028 [main] INFO  testCases.TC001AccountRegistrationTest - Clicked on Myaccount link
14:38:29.029 [main] INFO  testCases.TC001AccountRegistrationTest - Clicked on Register link
14:38:29.029 [main] INFO  testCases.TC001AccountRegistrationTest - Providing customer details...
14:38:31.031 [main] INFO  testCases.TC001AccountRegistrationTest - Validating expected message...
14:38:31.031 [main] INFO  testCases.TC001AccountRegistrationTest - *****Finished TC001AccountRegistrationTest******
14:38:35.035 [main] INFO  testCases.TC002_LoginTest - ****Starting TC002_LoginTest****
14:38:36.036 [main] INFO  testCases.TC002_LoginTest - ****Finished TC002_LoginTest****
14:40:33.033 [main] INFO  org.testng.internal.Utils - [TestNG] Running:
  D:\Automation Workspace\OpencartV121\master.xml

14:40:39.039 [main] INFO  testCases.TC001AccountRegistrationTest - *****Starting TC001AccountRegistrationTest******
14:40:39.039 [main] INFO  testCases.TC001AccountRegistrationTest - Clicked on Myaccount link
14:40:40.040 [main] INFO  testCases.TC001AccountRegistrationTest - Clicked on Register link
14:40:40.040 [main] INFO  testCases.TC001AccountRegistrationTest - Providing customer details...
14:40:41.041 [main] INFO  testCases.TC001AccountRegistrationTest - Validating expected message...
14:40:42.042 [main] INFO  testCases.TC001AccountRegistrationTest - *****Finished TC001AccountRegistrationTest******
14:40:46.046 [main] INFO  testCases.TC002_LoginTest - ****Starting TC002_LoginTest****
14:40:48.048 [main] INFO  testCases.TC002_LoginTest - ****Finished TC002_LoginTest****
15:31:02.002 [main] INFO  org.testng.internal.Utils - [TestNG] Running:
  D:\Automation Workspace\OpencartV121\master.xml

15:32:15.015 [main] INFO  org.testng.internal.Utils - [TestNG] Running:
  D:\Automation Workspace\OpencartV121\master.xml

15:36:38.038 [main] INFO  org.testng.internal.Utils - [TestNG] Running:
  D:\Automation Workspace\OpencartV121\crosssbrowsertesting.xml

15:36:38.038 [TestNG-tests-2] INFO  testCases.TC001AccountRegistrationTest - *****Starting TC001AccountRegistrationTest******
